R version 4.5.1 (2025-06-13 ucrt) -- "Great Square Root"     
Copyright (C) 2025 The R Foundation for Statistical Computing
Platform: x86_64-w64-mingw32/x64

R is free software and comes with ABSOLUTELY NO WARRANTY.    
You are welcome to redistribute it under certain conditions.
Type 'license()' or 'licence()' for distribution details.   

  Natural language support but running in an English locale

R is a collaborative project with many contributors.       
Type 'contributors()' for more information and
'citation()' on how to cite R or R packages in publications.

Type 'demo()' for some demos, 'help()' for on-line help, or 
'help.start()' for an HTML browser interface to help.
Type 'q()' to quit R.

> source("c:\\Users\\duybi\\Downloads\\Assignment\\assignment-3\\A3_Code_prep_$
── Attaching core tidyverse packages ────────────────────────────────────────────────────────────────────────────────────────────────── tidyverse 2.0.0 ──✔ dplyr     1.1.4     ✔ readr     2.1.5
✔ forcats   1.0.1     ✔ stringr   1.5.2
✔ ggplot2   4.0.0     ✔ tibble    3.3.0
✔ lubridate 1.9.4     ✔ tidyr     1.3.1
✔ purrr     1.1.0
── Conflicts ──────────────────────────────────────────────────────────────────────────────────────────────────────────────────── tidyverse_conflicts() ──✖ dplyr::filter() masks stats::filter()
✖ dplyr::lag()    masks stats::lag()
ℹ Use the conflicted package (<http://conflicted.r-lib.org/>) to force all conflicts to become errors

Attaching package: 'gridExtra'

The following object is masked from 'package:dplyr':

    combine


Attaching package: 'scales'

The following object is masked from 'package:purrr':

    discard

The following object is masked from 'package:readr':

    col_factor

Loading required package: lattice

Attaching package: 'caret'

The following object is masked from 'package:purrr':

    lift

randomForest 4.7-1.2
Type rfNews() to see new features/changes/bug fixes.

Attaching package: 'randomForest'

The following object is masked from 'package:gridExtra':

    combine

The following object is masked from 'package:dplyr':

    combine

The following object is masked from 'package:ggplot2':

    margin


Attaching package: 'e1071'

The following object is masked from 'package:ggplot2':

    element

Type 'citation("pROC")' for a citation.

Attaching package: 'pROC'

The following objects are masked from 'package:stats':

    cov, smooth, var

Error in file(file, "rt") : cannot open the connection
In addition: Warning messages:
1: The `size` argument of `element_rect()` is deprecated as of ggplot2 3.4.0.
ℹ Please use the `linewidth` argument instead.
This warning is displayed once every 8 hours.
Call `lifecycle::last_lifecycle_warnings()` to see where this warning was generated.
2: In file(file, "rt") :
  cannot open file 'bank-additional-full.csv': No such file or directory
> source("c:\\Users\\duybi\\Downloads\\Assignment\\assignment-3\\A3_Code_prep_$
Warning: packages 'tidyverse', 'ggplot2', 'ggcorrplot', 'gridExtra', 'patchwork', 'scales', 'caret', 'smotefamily', 'randomForest', 'rpart', 'rpart.plot', 'e1071', 'nnet', 'pROC', 'RColorBrewer', 'dplyr', 'randomForest' are in use and will not be installed
    y     n       pct
1  no 36548 0.8873458
2 yes  4640 0.1126542
Class Imbalance (yes/no): 0.127
# A tibble: 10 × 2
   variable       skewness
   <chr>             <dbl>
 1 pdays            -4.92
 2 campaign          4.76
 3 previous          3.83
 4 duration          3.26
 5 nr.employed      -1.04
 6 age               0.785
 7 emp.var.rate     -0.724
 8 euribor3m        -0.709
 9 cons.conf.idx     0.303
10 cons.price.idx   -0.231
# A tibble: 10 × 2
   variable       outliers
   <chr>             <int>
 1 previous           5625
 2 duration           2963
 3 campaign           2406
 4 pdays              1515
 5 age                 469
 6 cons.conf.idx       447
 7 emp.var.rate          0
 8 cons.price.idx        0
 9 euribor3m             0
10 nr.employed           0
data frame with 0 columns and 1 row
  job marital education default housing loan
1 330      80      1731    8597     990  990
Number of duplicate rows: 12 
Removed 12 duplicate rows. New size: 41176 
Modeling frame ready. Dim: 41176 x 61
Model frames ready:
  - bank_model_df (raw one-hot)
  - bank_model_df_z (z-score, no re-scaling of dummies)
  - bank_model_df_mm (min-max, no re-scaling of dummies)

========================================
     APPLYING SMOTE
========================================

Processing: bank_model_df_z
  BEFORE SMOTE:
    Class 0: 36537
    Class 1: 4639
    Imbalance ratio: 7.88 : 1
  AFTER SMOTE:
    Class 0: 36537
    Class 1: 32473
    Total samples: 69010 (was: 41176 )
    Imbalance ratio: 1.13 : 1

==============================
Fold 1
Accuracy: 0.9416751  Precision: 0.9510146  Recall: 0.9236336  F1: 0.9371241 

==============================
Fold 2
Accuracy: 0.9408824  Precision: 0.950214  Recall: 0.9227098  F1: 0.93626 

==============================
Fold 3
Accuracy: 0.9368978  Precision: 0.9476281  Recall: 0.9165512  F1: 0.9318306 

==============================
Fold 4
Accuracy: 0.9383378  Precision: 0.9456642  Recall: 0.9219279  F1: 0.9336452 

==============================
Fold 5
Accuracy: 0.9368886  Precision: 0.9432445  Recall: 0.921312  F1: 0.9321493

Done.
Warning messages:
1: Using `size` aesthetic for lines was deprecated in ggplot2 3.4.0.
ℹ Please use `linewidth` instead.
This warning is displayed once every 8 hours.
Call `lifecycle::last_lifecycle_warnings()` to see where this warning was generated.
2: `aes_string()` was deprecated in ggplot2 3.0.0.
ℹ Please use tidy evaluation idioms with `aes()`.
ℹ See also `vignette("ggplot2-in-packages")` for more information.
ℹ The deprecated feature was likely used in the ggcorrplot package.
  Please report the issue at <https://github.com/kassambara/ggcorrplot/issues>.
This warning is displayed once every 8 hours.
Call `lifecycle::last_lifecycle_warnings()` to see where this warning was generated.