> source("c:\\Users\\duybi\\Downloads\\Assignment\\assignment-3\\A3_Code_prep_$
    y     n       pct
1  no 36548 0.8873458
2 yes  4640 0.1126542
Class Imbalance (yes/no): 0.127
# A tibble: 10 × 2
   variable       skewness
   <chr>             <dbl>
 1 pdays            -4.92
 2 campaign          4.76 
 3 previous          3.83 
 4 duration          3.26
 5 nr.employed      -1.04
 6 age               0.785
 7 emp.var.rate     -0.724
 8 euribor3m        -0.709
 9 cons.conf.idx     0.303
10 cons.price.idx   -0.231
# A tibble: 10 × 2
   variable       outliers
   <chr>             <int>
 1 previous           5625
 2 duration           2963
 3 campaign           2406
 4 pdays              1515
 5 age                 469
 6 cons.conf.idx       447
 7 emp.var.rate          0
 8 cons.price.idx        0
 9 euribor3m             0
10 nr.employed           0
data frame with 0 columns and 1 row
  job marital education default housing loan
1 330      80      1731    8597     990  990
Number of duplicate rows: 12 
Removed 12 duplicate rows. New size: 41176 
Modeling frame ready. Dim: 41176 x 61
Model frames ready:
  - bank_model_df (raw one-hot)
  - bank_model_df_z (z-score, no re-scaling of dummies)
  - bank_model_df_mm (min-max, no re-scaling of dummies)

========================================
==========   APPLYING SMOTE   ==========
========================================

Processing:  bank_model_df_z 
  BEFORE SMOTE:
    Class 0:  36537
    Class 1:  4639
    Imbalance ratio:  7.88 : 1
  AFTER SMOTE:
    Class 0:  36537
    Class 1:  32473
    Total samples: 69010 (was:  41176 )
    Imbalance ratio: 1.13 : 1

==============================
Fold 1

==============================
Test output from Fold 1
Accuracy: 0.941 | Precision: 0.951 | Recall: 0.923 | F1: 0.937
Setting direction: controls < cases
AUC: 0.9821

Threshold coordinates:
  specificity sensitivity threshold
1       0.907       0.953       0.3
2       0.957       0.923       0.5
3       0.986       0.840       0.7

==============================
Fold 2

==============================
Test output from Fold 2
Accuracy: 0.94 | Precision: 0.95 | Recall: 0.92 | F1: 0.935
Setting direction: controls < cases
AUC: 0.9821 

Threshold coordinates:
  specificity sensitivity threshold
1       0.907       0.957       0.3
2       0.956       0.921       0.5
3       0.986       0.847       0.7

==============================
Fold 3

==============================
Test output from Fold 3
Accuracy: 0.937 | Precision: 0.946 | Recall: 0.917 | F1: 0.932
Setting direction: controls < cases
AUC: 0.9811 

Threshold coordinates:
  specificity sensitivity threshold
1       0.900       0.949       0.3
2       0.953       0.918       0.5
3       0.986       0.843       0.7

==============================
Fold 4

==============================
Test output from Fold 4
Accuracy: 0.939 | Precision: 0.946 | Recall: 0.923 | F1: 0.934
Setting direction: controls < cases
AUC: 0.9807 

Threshold coordinates:
  specificity sensitivity threshold
1       0.898       0.952       0.3
2       0.952       0.923       0.5
3       0.984       0.843       0.7

==============================
Fold 5

==============================
Test output from Fold 5
Accuracy: 0.937 | Precision: 0.944 | Recall: 0.921 | F1: 0.932
Setting direction: controls < cases
AUC: 0.9805 

Threshold coordinates:
  specificity sensitivity threshold
1       0.894       0.953       0.3
2       0.950       0.921       0.5
3       0.983       0.848       0.7

==============================
Average AUC across 5 folds: 0.9813
Standard Deviation of AUC: 8e-04

Done.