==============================
Fold 1

Processing:  train_data
BEFORE SMOTE:
  Class 0 (NO):  29230
  Class 1 (YES):  3711
  Imbalance ratio (NO/YES):  7.88 : 1
 -> Target Minority Ratio (YES/NO): 1:1
 -> SMOTE dup_size parameter calculated: 6.8766
 AFTER SMOTE:
  Class 0 (NO):  29230
  Class 1 (YES):  25977
  Total samples: 55207 (was:  32941 )
  Imbalance ratio (NO/YES): 1.13 : 1

==============================
Test output from Fold 1       
Accuracy: 0.892 | Precision: 0.529 | Recall: 0.352 | F1: 0.423
Setting direction: controls < cases
AUC: 0.7881 

Threshold coordinates:
  specificity sensitivity threshold
1       0.904       0.562       0.3
2       0.959       0.364       0.5
3       0.988       0.168       0.7

==============================
Fold 2

Processing:  train_data 
BEFORE SMOTE:
  Class 0 (NO):  29229
  Class 1 (YES):  3711
  Imbalance ratio (NO/YES):  7.88 : 1
 -> Target Minority Ratio (YES/NO): 1:1
 -> SMOTE dup_size parameter calculated: 6.8763
 AFTER SMOTE:
  Class 0 (NO):  29229
  Class 1 (YES):  25977
  Total samples: 55206 (was:  32940 )
  Imbalance ratio (NO/YES): 1.13 : 1

==============================
Test output from Fold 2
Accuracy: 0.893 | Precision: 0.534 | Recall: 0.364 | F1: 0.433
Setting direction: controls < cases
AUC: 0.7812

Threshold coordinates:
  specificity sensitivity threshold
1       0.907       0.545       0.3
2       0.958       0.374       0.5
3       0.988       0.189       0.7

==============================
Fold 3

Processing:  train_data
BEFORE SMOTE:
  Class 0 (NO):  29229
  Class 1 (YES):  3711
  Imbalance ratio (NO/YES):  7.88 : 1
 -> Target Minority Ratio (YES/NO): 1:1
 -> SMOTE dup_size parameter calculated: 6.8763
 AFTER SMOTE:
  Class 0 (NO):  29229
  Class 1 (YES):  25977
  Total samples: 55206 (was:  32940 )
  Imbalance ratio (NO/YES): 1.13 : 1 

==============================
Test output from Fold 3
Accuracy: 0.891 | Precision: 0.527 | Recall: 0.362 | F1: 0.429 
Setting direction: controls < cases
AUC: 0.7875

Threshold coordinates:
BEFORE SMOTE:
  Class 0 (NO):  29229
  Class 1 (YES):  3711
  Imbalance ratio (NO/YES):  7.88 : 1
 -> Target Minority Ratio (YES/NO): 1:1
 -> SMOTE dup_size parameter calculated: 6.8763
 AFTER SMOTE:
  Class 0 (NO):  29229
  Class 1 (YES):  25977
  Total samples: 55206 (was:  32940 )
  Imbalance ratio (NO/YES): 1.13 : 1

==============================
Test output from Fold 3
Accuracy: 0.891 | Precision: 0.527 | Recall: 0.362 | F1: 0.429
Setting direction: controls < cases
AUC: 0.7875

Threshold coordinates:
  Imbalance ratio (NO/YES):  7.88 : 1
 -> Target Minority Ratio (YES/NO): 1:1
 -> SMOTE dup_size parameter calculated: 6.8763
 AFTER SMOTE:
  Class 0 (NO):  29229
  Class 1 (YES):  25977
  Total samples: 55206 (was:  32940 )
  Imbalance ratio (NO/YES): 1.13 : 1

==============================
Test output from Fold 3
Accuracy: 0.891 | Precision: 0.527 | Recall: 0.362 | F1: 0.429
Setting direction: controls < cases
AUC: 0.7875

Threshold coordinates:
==============================
Test output from Fold 3
Accuracy: 0.891 | Precision: 0.527 | Recall: 0.362 | F1: 0.429
Setting direction: controls < cases
AUC: 0.7875

Threshold coordinates:
AUC: 0.7875

Threshold coordinates:

Threshold coordinates:
Threshold coordinates:
  specificity sensitivity threshold
1       0.907       0.560       0.3
2       0.957       0.371       0.5
3       0.986       0.180       0.7

==============================
Fold 4
1       0.907       0.560       0.3
2       0.957       0.371       0.5
3       0.986       0.180       0.7

==============================
Fold 4
3       0.986       0.180       0.7

==============================
Fold 4

==============================
Fold 4
Fold 4

Processing:  train_data


Processing:  train_data
BEFORE SMOTE:
  Class 0 (NO):  29230
  Class 1 (YES):  3712
  Imbalance ratio (NO/YES):  7.87 : 1
 -> Target Minority Ratio (YES/NO): 1:1
 -> SMOTE dup_size parameter calculated: 6.8745
 AFTER SMOTE:
  Class 0 (NO):  29230
  Class 1 (YES):  25984
  Total samples: 55214 (was:  32942 )
  Imbalance ratio (NO/YES): 1.12 : 1

Processing:  train_data
BEFORE SMOTE:
  Class 0 (NO):  29230
  Class 1 (YES):  3712
  Imbalance ratio (NO/YES):  7.87 : 1
 -> Target Minority Ratio (YES/NO): 1:1
 -> SMOTE dup_size parameter calculated: 6.8745
 AFTER SMOTE:

Processing:  train_data

Processing:  train_data
BEFORE SMOTE:
  Class 0 (NO):  29230
  Class 1 (YES):  3712
  Imbalance ratio (NO/YES):  7.87 : 1
 -> Target Minority Ratio (YES/NO): 1:1
 -> SMOTE dup_size parameter calculated: 6.8745
 AFTER SMOTE:
  Class 0 (NO):  29230
  Class 1 (YES):  25984
  Total samples: 55214 (was:  32942 )
  Imbalance ratio (NO/YES): 1.12 : 1

==============================
Test output from Fold 4
Accuracy: 0.894 | Precision: 0.541 | Recall: 0.361 | F1: 0.433
Setting direction: controls < cases
AUC: 0.781 

Threshold coordinates:
  specificity sensitivity threshold
1       0.907       0.559       0.3
2       0.959       0.378       0.5
3       0.987       0.192       0.7

==============================
Fold 5

Processing:  train_data 
BEFORE SMOTE:
  Class 0 (NO):  29230
  Class 1 (YES):  3711
  Imbalance ratio (NO/YES):  7.88 : 1
 -> Target Minority Ratio (YES/NO): 1:1
 -> SMOTE dup_size parameter calculated: 6.8766
 AFTER SMOTE:
  Class 0 (NO):  29230
  Class 1 (YES):  25977
  Total samples: 55207 (was:  32941 )
  Imbalance ratio (NO/YES): 1.13 : 1

==============================
Test output from Fold 5
Accuracy: 0.891 | Precision: 0.521 | Recall: 0.372 | F1: 0.434
Setting direction: controls < cases
AUC: 0.7761 

Threshold coordinates:
  specificity sensitivity threshold
1       0.898       0.558       0.3
2       0.955       0.378       0.5
3       0.986       0.193       0.7

==============================
Average AUC across 5 folds: 0.7828 
Standard Deviation of AUC: 0.005